<?xml version="1.0" encoding="UTF-8"?>
<!-- Generated by org.testng.reporters.JUnitXMLReporter -->
<testsuite ignored="0" hostname="HP" failures="1" tests="2" name="Test" time="11.098" errors="0" timestamp="2025-07-28T16:37:17 AST">
  <testcase classname="testCases.TC002EnrollingTest2" name="verify_eroll" time="0.366"/>
  <testcase classname="testCases.TC001Enrolling" name="verify_eroll" time="0.331">
    <failure type="java.lang.AssertionError" message="expected [test] but found [test1]">
      <![CDATA[java.lang.AssertionError: expected [test] but found [test1]
at testCases.TC001Enrolling.verify_eroll(TC001Enrolling.java:25)
at java.base/java.util.ArrayList.forEach(ArrayList.java:1596)
... Removed 31 stack frames]]>
    </failure>
  </testcase> <!-- verify_eroll -->
</testsuite> <!-- Test -->
