<?xml version="1.0" encoding="UTF-8"?>
<!-- Generated by org.testng.reporters.JUnitXMLReporter -->
<testsuite ignored="0" hostname="HP" failures="1" tests="2" name="Test" time="14.622" errors="0" timestamp="2025-07-29T10:46:54 GMT+03:00">
  <testcase classname="testCases.TC002EnrollingTest2" name="verify_eroll" time="0.454"/>
  <testcase classname="testCases.TC001Enrolling" name="verify_eroll" time="0.56">
    <failure type="java.lang.AssertionError" message="expected [test1] but found [test]">
      <![CDATA[java.lang.AssertionError: expected [test1] but found [test]
at testCases.TC001Enrolling.verify_eroll(TC001Enrolling.java:25)
at java.base/java.util.ArrayList.forEach(ArrayList.java:1604)
... Removed 35 stack frames]]>
    </failure>
  </testcase> <!-- verify_eroll -->
</testsuite> <!-- Test -->
