<?xml version="1.0" encoding="UTF-8"?>
<testng-results ignored="0" total="2" passed="1" failed="1" skipped="0">
  <reporter-output>
  </reporter-output>
  <suite started-at="2025-07-29T12:20:51 AST" name="Suite" finished-at="2025-07-29T12:21:05 AST" duration-ms="13518">
    <groups>
      <group name="Regression">
        <method signature="TC001Enrolling.verify_eroll()[pri:0, instance:testCases.TC001Enrolling@6dab9b6d]" name="verify_eroll" class="testCases.TC001Enrolling"/>
        <method signature="TC002EnrollingTest2.verify_eroll(java.lang.String)[pri:0, instance:testCases.TC002EnrollingTest2@52c3cb31]" name="verify_eroll" class="testCases.TC002EnrollingTest2"/>
      </group> <!-- Regression -->
    </groups>
    <test started-at="2025-07-29T12:20:51 AST" name="Test" finished-at="2025-07-29T12:21:05 AST" duration-ms="13518">
      <class name="testCases.TC002EnrollingTest2">
        <test-method is-config="true" signature="setup(java.lang.String,java.lang.String)[pri:0, instance:testCases.TC002EnrollingTest2@52c3cb31]" started-at="2025-07-29T12:20:51 AST" name="setup" finished-at="2025-07-29T12:20:57 AST" duration-ms="5198" status="PASS">
          <params>
            <param index="0">
              <value>
                <![CDATA[linux]]>
              </value>
            </param>
            <param index="1">
              <value>
                <![CDATA[chrome]]>
              </value>
            </param>
          </params>
          <reporter-output>
          </reporter-output>
        </test-method> <!-- setup -->
        <test-method signature="verify_eroll(java.lang.String)[pri:0, instance:testCases.TC002EnrollingTest2@52c3cb31]" started-at="2025-07-29T12:20:58 AST" name="verify_eroll" data-provider="TestData" finished-at="2025-07-29T12:20:59 AST" duration-ms="612" status="PASS">
          <params>
            <param index="0">
              <value>
                <![CDATA[965 76762222]]>
              </value>
            </param>
          </params>
          <reporter-output>
          </reporter-output>
        </test-method> <!-- verify_eroll -->
        <test-method is-config="true" signature="tearDown()[pri:0, instance:testCases.TC002EnrollingTest2@52c3cb31]" started-at="2025-07-29T12:20:59 AST" name="tearDown" finished-at="2025-07-29T12:20:59 AST" duration-ms="260" status="PASS">
          <reporter-output>
          </reporter-output>
        </test-method> <!-- tearDown -->
      </class> <!-- testCases.TC002EnrollingTest2 -->
      <class name="testCases.TC001Enrolling">
        <test-method is-config="true" signature="setup(java.lang.String,java.lang.String)[pri:0, instance:testCases.TC001Enrolling@6dab9b6d]" started-at="2025-07-29T12:20:59 AST" name="setup" finished-at="2025-07-29T12:21:04 AST" duration-ms="4579" status="PASS">
          <params>
            <param index="0">
              <value>
                <![CDATA[linux]]>
              </value>
            </param>
            <param index="1">
              <value>
                <![CDATA[chrome]]>
              </value>
            </param>
          </params>
          <reporter-output>
          </reporter-output>
        </test-method> <!-- setup -->
        <test-method signature="verify_eroll()[pri:0, instance:testCases.TC001Enrolling@6dab9b6d]" started-at="2025-07-29T12:21:04 AST" name="verify_eroll" finished-at="2025-07-29T12:21:04 AST" duration-ms="561" status="FAIL">
          <exception class="java.lang.AssertionError">
            <message>
              <![CDATA[expected [test1] but found [test]]]>
            </message>
            <full-stacktrace>
              <![CDATA[java.lang.AssertionError: expected [test1] but found [test]
at org.testng.Assert.fail(Assert.java:111)
at org.testng.Assert.failNotEquals(Assert.java:1590)
at org.testng.Assert.assertEqualsImpl(Assert.java:150)
at org.testng.Assert.assertEquals(Assert.java:132)
at org.testng.Assert.assertEquals(Assert.java:656)
at org.testng.Assert.assertEquals(Assert.java:666)
at testCases.TC001Enrolling.verify_eroll(TC001Enrolling.java:25)
at java.base/jdk.internal.reflect.DirectMethodHandleAccessor.invoke(DirectMethodHandleAccessor.java:103)
at java.base/java.lang.reflect.Method.invoke(Method.java:580)
at org.testng.internal.invokers.MethodInvocationHelper.invokeMethod(MethodInvocationHelper.java:141)
at org.testng.internal.invokers.TestInvoker.invokeMethod(TestInvoker.java:687)
at org.testng.internal.invokers.TestInvoker.invokeTestMethod(TestInvoker.java:230)
at org.testng.internal.invokers.MethodRunner.runInSequence(MethodRunner.java:63)
at org.testng.internal.invokers.TestInvoker$MethodInvocationAgent.invoke(TestInvoker.java:995)
at org.testng.internal.invokers.TestInvoker.invokeTestMethods(TestInvoker.java:203)
at org.testng.internal.invokers.TestMethodWorker.invokeTestMethods(TestMethodWorker.java:154)
at org.testng.internal.invokers.TestMethodWorker.run(TestMethodWorker.java:134)
at java.base/java.util.ArrayList.forEach(ArrayList.java:1596)
at org.testng.TestRunner.privateRun(TestRunner.java:741)
at org.testng.TestRunner.run(TestRunner.java:616)
at org.testng.SuiteRunner.runTest(SuiteRunner.java:421)
at org.testng.SuiteRunner.runSequentially(SuiteRunner.java:413)
at org.testng.SuiteRunner.privateRun(SuiteRunner.java:373)
at org.testng.SuiteRunner.run(SuiteRunner.java:312)
at org.testng.SuiteRunnerWorker.runSuite(SuiteRunnerWorker.java:52)
at org.testng.SuiteRunnerWorker.run(SuiteRunnerWorker.java:95)
at org.testng.TestNG.runSuitesSequentially(TestNG.java:1274)
at org.testng.TestNG.runSuitesLocally(TestNG.java:1208)
at org.testng.TestNG.runSuites(TestNG.java:1112)
at org.testng.TestNG.run(TestNG.java:1079)
at org.apache.maven.surefire.testng.TestNGExecutor.run(TestNGExecutor.java:308)
at org.apache.maven.surefire.testng.TestNGXmlTestSuite.execute(TestNGXmlTestSuite.java:71)
at org.apache.maven.surefire.testng.TestNGProvider.invoke(TestNGProvider.java:113)
at org.apache.maven.surefire.booter.ForkedBooter.runSuitesInProcess(ForkedBooter.java:385)
at org.apache.maven.surefire.booter.ForkedBooter.execute(ForkedBooter.java:162)
at org.apache.maven.surefire.booter.ForkedBooter.run(ForkedBooter.java:507)
at org.apache.maven.surefire.booter.ForkedBooter.main(ForkedBooter.java:495)
]]>
            </full-stacktrace>
          </exception> <!-- java.lang.AssertionError -->
          <reporter-output>
          </reporter-output>
        </test-method> <!-- verify_eroll -->
        <test-method is-config="true" signature="tearDown()[pri:0, instance:testCases.TC001Enrolling@6dab9b6d]" started-at="2025-07-29T12:21:04 AST" name="tearDown" finished-at="2025-07-29T12:21:05 AST" duration-ms="274" status="PASS">
          <reporter-output>
          </reporter-output>
        </test-method> <!-- tearDown -->
      </class> <!-- testCases.TC001Enrolling -->
    </test> <!-- Test -->
  </suite> <!-- Suite -->
</testng-results>
