<?xml version="1.0" encoding="UTF-8"?>
<testng-results ignored="0" total="2" passed="1" failed="1" skipped="0">
  <reporter-output>
  </reporter-output>
  <suite started-at="2025-07-28T16:37:03 AST" name="Suite" finished-at="2025-07-28T16:37:15 AST" duration-ms="11098">
    <groups>
      <group name="Regression">
        <method signature="TC001Enrolling.verify_eroll()[pri:0, instance:testCases.TC001Enrolling@130dca52]" name="verify_eroll" class="testCases.TC001Enrolling"/>
        <method signature="TC002EnrollingTest2.verify_eroll(java.lang.String)[pri:0, instance:testCases.TC002EnrollingTest2@2826f61]" name="verify_eroll" class="testCases.TC002EnrollingTest2"/>
      </group> <!-- Regression -->
    </groups>
    <test started-at="2025-07-28T16:37:03 AST" name="Test" finished-at="2025-07-28T16:37:15 AST" duration-ms="11098">
      <class name="testCases.TC002EnrollingTest2">
        <test-method is-config="true" signature="setup(java.lang.String,java.lang.String)[pri:0, instance:testCases.TC002EnrollingTest2@2826f61]" started-at="2025-07-28T16:37:04 AST" name="setup" finished-at="2025-07-28T16:37:09 AST" duration-ms="5845" status="PASS">
          <params>
            <param index="0">
              <value>
                <![CDATA[linux]]>
              </value>
            </param>
            <param index="1">
              <value>
                <![CDATA[chrome]]>
              </value>
            </param>
          </params>
          <reporter-output>
          </reporter-output>
        </test-method> <!-- setup -->
        <test-method signature="verify_eroll(java.lang.String)[pri:0, instance:testCases.TC002EnrollingTest2@2826f61]" started-at="2025-07-28T16:37:10 AST" name="verify_eroll" data-provider="TestData" finished-at="2025-07-28T16:37:10 AST" duration-ms="366" status="PASS">
          <params>
            <param index="0">
              <value>
                <![CDATA[965 76762222]]>
              </value>
            </param>
          </params>
          <reporter-output>
          </reporter-output>
        </test-method> <!-- verify_eroll -->
        <test-method is-config="true" signature="tearDown()[pri:0, instance:testCases.TC002EnrollingTest2@2826f61]" started-at="2025-07-28T16:37:10 AST" name="tearDown" finished-at="2025-07-28T16:37:10 AST" duration-ms="82" status="PASS">
          <reporter-output>
          </reporter-output>
        </test-method> <!-- tearDown -->
      </class> <!-- testCases.TC002EnrollingTest2 -->
      <class name="testCases.TC001Enrolling">
        <test-method is-config="true" signature="setup(java.lang.String,java.lang.String)[pri:0, instance:testCases.TC001Enrolling@130dca52]" started-at="2025-07-28T16:37:10 AST" name="setup" finished-at="2025-07-28T16:37:14 AST" duration-ms="3641" status="PASS">
          <params>
            <param index="0">
              <value>
                <![CDATA[linux]]>
              </value>
            </param>
            <param index="1">
              <value>
                <![CDATA[chrome]]>
              </value>
            </param>
          </params>
          <reporter-output>
          </reporter-output>
        </test-method> <!-- setup -->
        <test-method signature="verify_eroll()[pri:0, instance:testCases.TC001Enrolling@130dca52]" started-at="2025-07-28T16:37:14 AST" name="verify_eroll" finished-at="2025-07-28T16:37:14 AST" duration-ms="331" status="FAIL">
          <exception class="java.lang.AssertionError">
            <message>
              <![CDATA[expected [test] but found [test1]]]>
            </message>
            <full-stacktrace>
              <![CDATA[java.lang.AssertionError: expected [test] but found [test1]
at org.testng.Assert.fail(Assert.java:111)
at org.testng.Assert.failNotEquals(Assert.java:1590)
at org.testng.Assert.assertEqualsImpl(Assert.java:150)
at org.testng.Assert.assertEquals(Assert.java:132)
at org.testng.Assert.assertEquals(Assert.java:656)
at org.testng.Assert.assertEquals(Assert.java:666)
at testCases.TC001Enrolling.verify_eroll(TC001Enrolling.java:25)
at java.base/jdk.internal.reflect.DirectMethodHandleAccessor.invoke(DirectMethodHandleAccessor.java:103)
at java.base/java.lang.reflect.Method.invoke(Method.java:580)
at org.testng.internal.invokers.MethodInvocationHelper.invokeMethod(MethodInvocationHelper.java:141)
at org.testng.internal.invokers.TestInvoker.invokeMethod(TestInvoker.java:687)
at org.testng.internal.invokers.TestInvoker.invokeTestMethod(TestInvoker.java:230)
at org.testng.internal.invokers.MethodRunner.runInSequence(MethodRunner.java:63)
at org.testng.internal.invokers.TestInvoker$MethodInvocationAgent.invoke(TestInvoker.java:995)
at org.testng.internal.invokers.TestInvoker.invokeTestMethods(TestInvoker.java:203)
at org.testng.internal.invokers.TestMethodWorker.invokeTestMethods(TestMethodWorker.java:154)
at org.testng.internal.invokers.TestMethodWorker.run(TestMethodWorker.java:134)
at java.base/java.util.ArrayList.forEach(ArrayList.java:1596)
at org.testng.TestRunner.privateRun(TestRunner.java:741)
at org.testng.TestRunner.run(TestRunner.java:616)
at org.testng.SuiteRunner.runTest(SuiteRunner.java:421)
at org.testng.SuiteRunner.runSequentially(SuiteRunner.java:413)
at org.testng.SuiteRunner.privateRun(SuiteRunner.java:373)
at org.testng.SuiteRunner.run(SuiteRunner.java:312)
at org.testng.SuiteRunnerWorker.runSuite(SuiteRunnerWorker.java:52)
at org.testng.SuiteRunnerWorker.run(SuiteRunnerWorker.java:95)
at org.testng.TestNG.runSuitesSequentially(TestNG.java:1274)
at org.testng.TestNG.runSuitesLocally(TestNG.java:1208)
at org.testng.TestNG.runSuites(TestNG.java:1112)
at org.testng.TestNG.run(TestNG.java:1079)
at org.testng.remote.AbstractRemoteTestNG.run(AbstractRemoteTestNG.java:115)
at org.testng.remote.RemoteTestNG.initAndRun(RemoteTestNG.java:293)
at org.testng.remote.RemoteTestNG.main(RemoteTestNG.java:91)
]]>
            </full-stacktrace>
          </exception> <!-- java.lang.AssertionError -->
          <reporter-output>
          </reporter-output>
        </test-method> <!-- verify_eroll -->
        <test-method is-config="true" signature="tearDown()[pri:0, instance:testCases.TC001Enrolling@130dca52]" started-at="2025-07-28T16:37:14 AST" name="tearDown" finished-at="2025-07-28T16:37:15 AST" duration-ms="86" status="PASS">
          <reporter-output>
          </reporter-output>
        </test-method> <!-- tearDown -->
      </class> <!-- testCases.TC001Enrolling -->
    </test> <!-- Test -->
  </suite> <!-- Suite -->
</testng-results>
